TN:
SF:src\config\config.ts
FNF:0
FNH:0
DA:4,3
LF:1
LH:1
BRF:0
BRH:0
end_of_record
TN:
SF:src\config\validate.ts
FN:8,validateConfig
FNF:1
FNH:0
FNDA:0,validateConfig
DA:8,3
DA:10,0
DA:12,0
DA:16,0
DA:18,0
DA:22,0
DA:24,0
DA:28,0
DA:30,0
DA:34,0
DA:36,0
DA:39,0
LF:12
LH:1
BRDA:10,0,0,0
BRDA:10,1,0,0
BRDA:10,1,1,0
BRDA:10,1,2,0
BRDA:16,2,0,0
BRDA:16,3,0,0
BRDA:16,3,1,0
BRDA:16,3,2,0
BRDA:22,4,0,0
BRDA:22,5,0,0
BRDA:22,5,1,0
BRDA:22,5,2,0
BRDA:28,6,0,0
BRDA:28,7,0,0
BRDA:28,7,1,0
BRDA:28,7,2,0
BRDA:34,8,0,0
BRDA:34,9,0,0
BRDA:34,9,1,0
BRF:19
BRH:0
end_of_record
TN:
SF:src\heartbeat\heartbeat.ts
FN:7,setupHeartbeat
FN:12,(anonymous_1)
FN:32,(anonymous_2)
FN:37,(anonymous_3)
FN:42,(anonymous_4)
FNF:5
FNH:2
FNDA:8,setupHeartbeat
FNDA:0,(anonymous_1)
FNDA:0,(anonymous_2)
FNDA:7,(anonymous_3)
FNDA:0,(anonymous_4)
DA:1,3
DA:7,3
DA:9,8
DA:12,8
DA:13,0
DA:14,0
DA:15,0
DA:18,0
DA:20,0
DA:21,0
DA:22,0
DA:23,0
DA:27,0
DA:28,0
DA:32,8
DA:33,0
DA:37,8
DA:38,7
DA:42,8
DA:43,0
LF:20
LH:8
BRDA:13,0,0,0
BRDA:18,1,0,0
BRF:2
BRH:0
end_of_record
TN:
SF:src\input\applyScheduler.ts
FN:41,(anonymous_0)
FN:57,(anonymous_1)
FN:64,(anonymous_2)
FN:74,(anonymous_3)
FN:92,(anonymous_4)
FN:135,(anonymous_5)
FN:145,(anonymous_6)
FN:153,(anonymous_7)
FNF:8
FNH:4
FNDA:8,(anonymous_0)
FNDA:3,(anonymous_1)
FNDA:0,(anonymous_2)
FNDA:11,(anonymous_3)
FNDA:0,(anonymous_4)
FNDA:0,(anonymous_5)
FNDA:4,(anonymous_6)
FNDA:0,(anonymous_7)
DA:3,2
DA:16,2
DA:27,8
DA:30,8
DA:33,8
DA:46,8
DA:47,8
DA:48,8
DA:58,3
DA:59,0
DA:60,0
DA:63,3
DA:64,3
DA:65,0
DA:68,3
DA:75,11
DA:76,8
DA:77,8
DA:80,3
DA:81,3
DA:82,3
DA:83,3
DA:86,3
DA:93,0
DA:95,0
DA:97,0
DA:99,0
DA:102,0
DA:105,0
DA:108,0
DA:109,0
DA:111,0
DA:114,0
DA:115,0
DA:122,0
DA:125,0
DA:126,0
DA:138,0
DA:146,4
DA:154,0
LF:40
LH:21
BRDA:58,0,0,0
BRDA:75,1,0,8
BRDA:81,2,0,3
BRDA:97,3,0,0
BRDA:97,3,1,0
BRDA:114,4,0,0
BRDA:138,5,0,0
BRDA:138,5,1,0
BRF:8
BRH:2
end_of_record
TN:
SF:src\input\executor.ts
FN:12,(anonymous_0)
FN:19,(anonymous_1)
FN:27,(anonymous_2)
FN:28,(anonymous_3)
FN:35,(anonymous_4)
FN:36,(anonymous_5)
FN:43,(anonymous_6)
FN:44,(anonymous_7)
FN:51,(anonymous_8)
FN:52,(anonymous_9)
FN:58,(anonymous_10)
FN:59,(anonymous_11)
FN:81,startInputExecutor
FN:93,(anonymous_13)
FN:103,stopInputExecutor
FN:117,executeInput
FN:129,getExecutorManager
FN:137,getSafetyController
FN:144,triggerSafetyClear
FN:152,triggerExceptionClear
FN:159,handleDisconnect
FN:167,recordValidState
FNF:22
FNH:5
FNDA:3,(anonymous_0)
FNDA:9,(anonymous_1)
FNDA:0,(anonymous_2)
FNDA:0,(anonymous_3)
FNDA:0,(anonymous_4)
FNDA:0,(anonymous_5)
FNDA:0,(anonymous_6)
FNDA:0,(anonymous_7)
FNDA:0,(anonymous_8)
FNDA:0,(anonymous_9)
FNDA:0,(anonymous_10)
FNDA:0,(anonymous_11)
FNDA:4,startInputExecutor
FNDA:0,(anonymous_13)
FNDA:6,stopInputExecutor
FNDA:0,executeInput
FNDA:8,getExecutorManager
FNDA:0,getSafetyController
FNDA:0,triggerSafetyClear
FNDA:0,triggerExceptionClear
FNDA:0,handleDisconnect
FNDA:0,recordValidState
DA:1,3
DA:2,3
DA:3,3
DA:4,3
DA:5,3
DA:6,3
DA:12,3
DA:13,3
DA:20,9
DA:28,0
DA:36,0
DA:44,0
DA:52,0
DA:59,0
DA:64,3
DA:67,3
DA:68,3
DA:69,3
DA:72,3
DA:75,3
DA:81,3
DA:83,4
DA:84,0
DA:87,4
DA:90,4
DA:93,4
DA:94,0
DA:97,4
DA:103,3
DA:104,6
DA:105,4
DA:106,4
DA:107,4
DA:111,6
DA:119,0
DA:122,0
DA:129,3
DA:130,8
DA:137,3
DA:138,0
DA:144,3
DA:145,0
DA:152,3
DA:153,0
DA:159,3
DA:160,0
DA:167,3
DA:168,0
LF:48
LH:34
BRDA:83,0,0,0
BRDA:104,1,0,4
BRF:2
BRH:1
end_of_record
TN:
SF:src\input\joystick.ts
FN:8,(anonymous_0)
FN:32,(anonymous_1)
FN:48,(anonymous_2)
FN:59,(anonymous_3)
FN:69,(anonymous_4)
FN:101,(anonymous_5)
FN:106,(anonymous_6)
FN:115,(anonymous_7)
FN:150,(anonymous_8)
FN:159,(anonymous_9)
FN:166,(anonymous_10)
FNF:11
FNH:1
FNDA:3,(anonymous_0)
FNDA:0,(anonymous_1)
FNDA:0,(anonymous_2)
FNDA:0,(anonymous_3)
FNDA:0,(anonymous_4)
FNDA:0,(anonymous_5)
FNDA:0,(anonymous_6)
FNDA:0,(anonymous_7)
FNDA:0,(anonymous_8)
FNDA:0,(anonymous_9)
FNDA:0,(anonymous_10)
DA:8,3
DA:10,3
DA:26,3
DA:33,0
DA:35,0
DA:40,0
DA:49,0
DA:50,0
DA:60,0
DA:61,0
DA:71,0
DA:73,0
DA:78,0
DA:86,0
DA:91,0
DA:93,0
DA:102,0
DA:106,0
DA:117,0
DA:120,0
DA:121,0
DA:122,0
DA:123,0
DA:124,0
DA:125,0
DA:128,0
DA:129,0
DA:130,0
DA:131,0
DA:132,0
DA:133,0
DA:138,0
DA:139,0
DA:151,0
DA:160,0
DA:167,0
DA:174,0
DA:176,0
DA:177,0
LF:39
LH:3
BRDA:33,0,0,0
BRDA:49,1,0,0
BRDA:60,2,0,0
BRDA:71,3,0,0
BRDA:102,4,0,0
BRDA:102,4,1,0
BRDA:102,4,2,0
BRDA:102,4,3,0
BRDA:102,4,4,0
BRDA:102,4,5,0
BRDA:102,4,6,0
BRDA:120,5,0,0
BRDA:123,6,0,0
BRDA:128,7,0,0
BRDA:131,8,0,0
BRDA:138,9,0,0
BRF:16
BRH:0
end_of_record
TN:
SF:src\input\keyboard.ts
FN:10,(anonymous_0)
FN:18,(anonymous_1)
FN:26,(anonymous_2)
FN:33,(anonymous_3)
FN:38,(anonymous_4)
FN:50,(anonymous_5)
FN:70,(anonymous_6)
FN:79,(anonymous_7)
FN:81,(anonymous_8)
FN:84,(anonymous_9)
FNF:10
FNH:6
FNDA:10,(anonymous_0)
FNDA:12,(anonymous_1)
FNDA:0,(anonymous_2)
FNDA:0,(anonymous_3)
FNDA:0,(anonymous_4)
FNDA:0,(anonymous_5)
FNDA:1,(anonymous_6)
FNDA:13,(anonymous_7)
FNDA:12,(anonymous_8)
FNDA:7,(anonymous_9)
DA:4,4
DA:10,4
DA:12,10
DA:19,12
DA:27,0
DA:29,0
DA:32,0
DA:33,0
DA:37,0
DA:38,0
DA:42,0
DA:51,0
DA:53,0
DA:55,0
DA:56,0
DA:57,0
DA:59,0
DA:63,0
DA:72,1
DA:81,13
DA:84,13
DA:87,13
DA:89,11
DA:92,4
DA:95,4
DA:99,11
DA:101,11
DA:104,11
DA:105,9
DA:107,2
DA:110,11
DA:113,11
DA:114,9
DA:117,0
DA:122,11
LF:35
LH:20
BRDA:27,0,0,0
BRDA:32,1,0,0
BRDA:37,2,0,0
BRDA:51,3,0,0
BRDA:51,4,0,0
BRDA:51,4,1,0
BRDA:56,5,0,0
BRDA:56,5,1,0
BRDA:87,6,0,11
BRDA:87,7,0,13
BRDA:87,7,1,5
BRDA:89,8,0,4
BRDA:99,9,0,11
BRDA:99,10,0,11
BRDA:99,10,1,3
BRDA:104,11,0,9
BRDA:104,11,1,2
BRDA:113,12,0,9
BRF:18
BRH:10
end_of_record
TN:
SF:src\input\mouse.ts
FN:8,(anonymous_0)
FN:22,(anonymous_1)
FN:44,(anonymous_2)
FN:55,(anonymous_3)
FN:65,(anonymous_4)
FN:84,(anonymous_5)
FN:96,(anonymous_6)
FN:108,(anonymous_7)
FNF:8
FNH:1
FNDA:3,(anonymous_0)
FNDA:0,(anonymous_1)
FNDA:0,(anonymous_2)
FNDA:0,(anonymous_3)
FNDA:0,(anonymous_4)
FNDA:0,(anonymous_5)
FNDA:0,(anonymous_6)
FNDA:0,(anonymous_7)
DA:8,3
DA:10,3
DA:24,0
DA:25,0
DA:36,0
DA:46,0
DA:47,0
DA:57,0
DA:58,0
DA:67,0
DA:68,0
DA:69,0
DA:85,0
DA:97,0
DA:109,0
DA:110,0
DA:111,0
DA:112,0
DA:113,0
LF:19
LH:2
BRDA:24,0,0,0
BRDA:46,1,0,0
BRDA:57,2,0,0
BRDA:57,3,0,0
BRDA:57,3,1,0
BRDA:67,4,0,0
BRDA:85,5,0,0
BRDA:85,5,1,0
BRDA:85,5,2,0
BRDA:85,5,3,0
BRDA:85,5,4,0
BRDA:97,6,0,0
BRDA:97,6,1,0
BRDA:97,6,2,0
BRDA:97,6,3,0
BRDA:97,6,4,0
BRF:16
BRH:0
end_of_record
TN:
SF:src\input\safetyController.ts
FN:42,(anonymous_0)
FN:56,(anonymous_1)
FN:64,(anonymous_2)
FN:74,(anonymous_3)
FN:84,(anonymous_4)
FN:93,(anonymous_5)
FN:102,(anonymous_6)
FN:114,(anonymous_7)
FN:124,(anonymous_8)
FN:142,(anonymous_9)
FN:179,(anonymous_10)
FN:187,(anonymous_11)
FN:195,(anonymous_12)
FN:202,(anonymous_13)
FN:212,(anonymous_14)
FNF:15
FNH:4
FNDA:3,(anonymous_0)
FNDA:0,(anonymous_1)
FNDA:0,(anonymous_2)
FNDA:0,(anonymous_3)
FNDA:0,(anonymous_4)
FNDA:0,(anonymous_5)
FNDA:4,(anonymous_6)
FNDA:0,(anonymous_7)
FNDA:0,(anonymous_8)
FNDA:0,(anonymous_9)
FNDA:0,(anonymous_10)
FNDA:0,(anonymous_11)
FNDA:0,(anonymous_12)
FNDA:6,(anonymous_13)
FNDA:6,(anonymous_14)
DA:15,3
DA:23,3
DA:26,3
DA:29,3
DA:32,3
DA:35,3
DA:43,3
DA:44,3
DA:57,0
DA:65,0
DA:66,0
DA:67,0
DA:75,0
DA:76,0
DA:77,0
DA:78,0
DA:85,0
DA:86,0
DA:87,0
DA:94,0
DA:95,0
DA:96,0
DA:104,4
DA:105,2
DA:109,2
DA:110,0
DA:114,2
DA:115,0
DA:118,2
DA:126,0
DA:127,0
DA:130,0
DA:131,0
DA:133,0
DA:134,0
DA:135,0
DA:144,0
DA:169,0
DA:172,0
DA:180,0
DA:188,0
DA:196,0
DA:203,6
DA:204,2
DA:205,2
DA:214,6
DA:217,6
DA:219,6
LF:48
LH:19
BRDA:104,0,0,2
BRDA:109,1,0,0
BRDA:126,2,0,0
BRDA:133,3,0,0
BRDA:203,4,0,2
BRF:5
BRH:2
end_of_record
TN:
SF:src\input\state.ts
FNF:0
FNH:0
DA:4,3
LF:1
LH:1
BRF:0
BRH:0
end_of_record
TN:
SF:src\input\stateStore.ts
FN:36,(anonymous_0)
FN:48,(anonymous_1)
FN:87,(anonymous_2)
FN:95,(anonymous_3)
FN:100,(anonymous_4)
FN:112,(anonymous_5)
FN:132,(anonymous_6)
FN:143,(anonymous_7)
FN:161,(anonymous_8)
FN:174,(anonymous_9)
FN:182,(anonymous_10)
FN:189,(anonymous_11)
FNF:12
FNH:6
FNDA:9,(anonymous_0)
FNDA:11,(anonymous_1)
FNDA:9,(anonymous_2)
FNDA:0,(anonymous_3)
FNDA:0,(anonymous_4)
FNDA:11,(anonymous_5)
FNDA:15,(anonymous_6)
FNDA:10,(anonymous_7)
FNDA:0,(anonymous_8)
FNDA:0,(anonymous_9)
FNDA:0,(anonymous_10)
FNDA:0,(anonymous_11)
DA:14,2
DA:16,9
DA:19,9
DA:27,9
DA:37,9
DA:50,11
DA:51,1
DA:52,1
DA:56,10
DA:57,10
DA:58,1
DA:59,1
DA:63,9
DA:64,9
DA:67,9
DA:75,9
DA:76,0
DA:80,9
DA:88,9
DA:97,0
DA:100,0
DA:101,0
DA:102,0
DA:114,11
DA:118,11
DA:119,1
DA:124,10
DA:135,15
DA:145,10
DA:146,5
DA:150,5
DA:154,5
DA:167,0
DA:175,0
DA:183,0
DA:190,0
DA:191,0
DA:192,0
DA:193,0
LF:39
LH:27
BRDA:50,0,0,1
BRDA:57,1,0,1
BRDA:75,2,0,0
BRDA:101,3,0,0
BRDA:114,4,0,0
BRDA:118,5,0,1
BRDA:118,6,0,11
BRDA:118,6,1,11
BRDA:118,6,2,10
BRDA:118,6,3,10
BRDA:135,7,0,15
BRDA:135,7,1,0
BRDA:145,8,0,5
BRDA:183,9,0,0
BRDA:183,9,1,0
BRF:15
BRH:9
end_of_record
TN:
SF:src\ws\connection.ts
FN:8,handleConnection
FN:16,(anonymous_1)
FN:41,(anonymous_2)
FN:58,(anonymous_3)
FN:66,revertToSafeState
FNF:5
FNH:3
FNDA:8,handleConnection
FNDA:1,(anonymous_1)
FNDA:7,(anonymous_2)
FNDA:0,(anonymous_3)
FNDA:0,revertToSafeState
DA:1,3
DA:2,3
DA:8,3
DA:10,8
DA:13,8
DA:16,8
DA:17,1
DA:19,1
DA:20,1
DA:23,1
DA:24,0
DA:25,0
DA:28,1
DA:30,0
DA:32,0
DA:41,8
DA:44,7
DA:45,0
DA:46,0
DA:48,0
DA:49,0
DA:51,0
DA:58,8
DA:59,0
DA:68,0
DA:69,0
DA:71,0
DA:73,0
DA:74,0
DA:75,0
DA:78,0
DA:79,0
DA:80,0
DA:81,0
DA:85,0
LF:35
LH:14
BRDA:19,0,0,0
BRDA:19,0,1,1
BRDA:23,1,0,0
BRDA:23,2,0,1
BRDA:23,2,1,1
BRDA:44,3,0,0
BRDA:45,4,0,0
BRDA:68,5,0,0
BRDA:73,6,0,0
BRDA:78,7,0,0
BRDA:78,8,0,0
BRDA:78,8,1,0
BRF:12
BRH:3
end_of_record
TN:
SF:src\ws\router.ts
FN:27,handleMessage
FNF:1
FNH:1
FNDA:1,handleMessage
DA:2,3
DA:3,3
DA:4,3
DA:5,3
DA:6,3
DA:7,3
DA:8,3
DA:11,3
DA:27,3
DA:28,1
DA:29,1
DA:30,0
DA:31,0
DA:34,1
DA:36,1
DA:37,1
DA:38,1
DA:40,0
DA:42,0
DA:49,0
DA:51,0
DA:58,0
DA:60,0
LF:23
LH:15
BRDA:29,0,0,0
BRDA:29,1,0,1
BRDA:29,1,1,1
BRDA:36,2,0,1
BRDA:36,2,1,0
BRF:5
BRH:3
end_of_record
TN:
SF:src\ws\server.ts
FN:12,startWsServer
FN:13,(anonymous_1)
FN:19,(anonymous_2)
FN:22,(anonymous_3)
FN:28,(anonymous_4)
FN:46,(anonymous_5)
FN:51,(anonymous_6)
FN:71,getActualPort
FN:79,stopWsServer
FN:80,(anonymous_9)
FN:83,(anonymous_10)
FNF:11
FNH:10
FNDA:4,startWsServer
FNDA:4,(anonymous_1)
FNDA:5,(anonymous_2)
FNDA:4,(anonymous_3)
FNDA:1,(anonymous_4)
FNDA:8,(anonymous_5)
FNDA:5,(anonymous_6)
FNDA:0,getActualPort
FNDA:7,stopWsServer
FNDA:7,(anonymous_9)
FNDA:4,(anonymous_10)
DA:2,3
DA:3,3
DA:5,3
DA:6,3
DA:12,3
DA:13,4
DA:14,4
DA:16,4
DA:19,4
DA:20,5
DA:22,5
DA:23,4
DA:24,4
DA:25,4
DA:28,5
DA:30,1
DA:31,1
DA:32,1
DA:34,1
DA:35,1
DA:37,0
DA:38,0
DA:41,0
DA:42,0
DA:46,5
DA:47,8
DA:48,8
DA:51,5
DA:53,5
DA:54,5
DA:59,4
DA:61,0
DA:62,0
DA:71,3
DA:72,0
DA:79,3
DA:80,7
DA:81,7
DA:83,4
DA:85,4
DA:86,4
DA:88,4
DA:89,4
DA:90,4
DA:92,4
DA:95,3
LF:46
LH:39
BRDA:16,0,0,0
BRDA:16,0,1,4
BRDA:30,1,0,1
BRDA:30,1,1,0
BRDA:34,2,0,1
BRDA:34,2,1,0
BRDA:53,3,0,5
BRDA:81,4,0,4
BRDA:81,4,1,3
BRDA:85,5,0,4
BRF:10
BRH:7
end_of_record
TN:
SF:src\ws\handlers\config.ts
FN:10,handleConfigGet
FN:20,handleConfigSet
FNF:2
FNH:0
FNDA:0,handleConfigGet
FNDA:0,handleConfigSet
DA:2,3
DA:3,3
DA:10,3
DA:12,0
DA:20,3
DA:22,0
DA:25,0
DA:27,0
DA:30,0
DA:36,0
DA:39,0
DA:40,0
DA:45,0
LF:13
LH:4
BRDA:25,0,0,0
BRDA:25,0,1,0
BRDA:39,1,0,0
BRDA:39,2,0,0
BRDA:39,2,1,0
BRF:5
BRH:0
end_of_record
TN:
SF:src\ws\handlers\input.ts
FN:8,handleInput
FNF:1
FNH:0
FNDA:0,handleInput
DA:8,3
DA:10,0
DA:13,0
DA:14,0
DA:15,0
DA:19,0
DA:21,0
DA:23,0
DA:24,0
DA:28,0
DA:37,0
DA:38,0
DA:41,0
DA:45,0
DA:55,0
DA:56,0
DA:57,0
DA:59,0
LF:18
LH:1
BRDA:13,0,0,0
BRDA:21,1,0,0
BRDA:21,1,1,0
BRDA:23,2,0,0
BRDA:31,3,0,0
BRDA:31,3,1,0
BRDA:48,4,0,0
BRDA:48,4,1,0
BRDA:57,5,0,0
BRDA:57,5,1,0
BRF:10
BRH:0
end_of_record
TN:
SF:src\ws\handlers\inputDelta.ts
FN:9,handleInputDelta
FN:13,(anonymous_1)
FN:17,(anonymous_2)
FNF:3
FNH:0
FNDA:0,handleInputDelta
FNDA:0,(anonymous_1)
FNDA:0,(anonymous_2)
DA:2,3
DA:9,3
DA:11,0
DA:12,0
DA:13,0
DA:16,0
DA:17,0
DA:21,0
DA:22,0
DA:25,0
DA:26,0
DA:29,0
DA:30,0
DA:34,0
DA:35,0
LF:15
LH:2
BRDA:11,0,0,0
BRDA:12,1,0,0
BRDA:16,2,0,0
BRDA:21,3,0,0
BRDA:25,4,0,0
BRDA:29,5,0,0
BRDA:34,6,0,0
BRF:7
BRH:0
end_of_record
TN:
SF:src\ws\handlers\inputEvent.ts
FN:9,handleInputEvent
FNF:1
FNH:0
FNDA:0,handleInputEvent
DA:2,3
DA:9,3
DA:11,0
DA:14,0
DA:17,0
LF:5
LH:2
BRF:0
BRH:0
end_of_record
TN:
SF:src\ws\handlers\latencyProbe.ts
FN:8,handleLatencyProbe
FNF:1
FNH:0
FNDA:0,handleLatencyProbe
DA:8,3
DA:10,0
LF:2
LH:1
BRF:0
BRH:0
end_of_record
TN:
SF:src\ws\handlers\ping.ts
FN:8,handlePing
FNF:1
FNH:1
FNDA:1,handlePing
DA:8,3
DA:10,1
LF:2
LH:2
BRF:0
BRH:0
end_of_record
TN:
SF:src\ws\handlers\welcome.ts
FN:8,handleWelcome
FNF:1
FNH:0
FNDA:0,handleWelcome
DA:8,3
DA:10,0
LF:2
LH:1
BRF:0
BRH:0
end_of_record
TN:
SF:tests\common\testUtils.ts
FN:12,(anonymous_0)
FN:28,(anonymous_1)
FNF:2
FNH:2
FNDA:3,(anonymous_0)
FNDA:8,(anonymous_1)
DA:6,2
DA:13,3
DA:29,8
LF:3
LH:3
BRDA:31,0,0,8
BRDA:31,0,1,1
BRF:2
BRH:2
end_of_record
TN:
SF:tests\common\wsClient.ts
FN:17,(anonymous_0)
FN:22,(anonymous_1)
FN:23,(anonymous_2)
FN:24,(anonymous_3)
FN:30,(anonymous_4)
FN:35,(anonymous_5)
FN:37,(anonymous_6)
FN:40,(anonymous_7)
FN:41,(anonymous_8)
FN:44,(anonymous_9)
FN:46,(anonymous_10)
FN:52,(anonymous_11)
FN:53,(anonymous_12)
FN:59,(anonymous_13)
FN:69,(anonymous_14)
FN:73,(anonymous_15)
FN:77,(anonymous_16)
FN:81,(anonymous_17)
FN:88,(anonymous_18)
FN:89,(anonymous_19)
FN:91,(anonymous_20)
FN:95,(anonymous_21)
FNF:22
FNH:14
FNDA:8,(anonymous_0)
FNDA:8,(anonymous_1)
FNDA:8,(anonymous_2)
FNDA:0,(anonymous_3)
FNDA:8,(anonymous_4)
FNDA:9,(anonymous_5)
FNDA:1,(anonymous_6)
FNDA:8,(anonymous_7)
FNDA:1,(anonymous_8)
FNDA:0,(anonymous_9)
FNDA:0,(anonymous_10)
FNDA:1,(anonymous_11)
FNDA:1,(anonymous_12)
FNDA:1,(anonymous_13)
FNDA:1,(anonymous_14)
FNDA:1,(anonymous_15)
FNDA:0,(anonymous_16)
FNDA:10,(anonymous_17)
FNDA:0,(anonymous_18)
FNDA:0,(anonymous_19)
FNDA:0,(anonymous_20)
FNDA:0,(anonymous_21)
DA:2,1
DA:9,1
DA:10,8
DA:13,8
DA:14,8
DA:15,8
DA:18,8
DA:19,8
DA:23,8
DA:24,8
DA:25,0
DA:28,8
DA:30,8
DA:31,8
DA:32,8
DA:35,8
DA:36,9
DA:37,9
DA:40,8
DA:41,8
DA:44,8
DA:45,0
DA:46,0
DA:47,0
DA:53,1
DA:54,1
DA:55,0
DA:56,0
DA:59,1
DA:60,1
DA:61,0
DA:63,1
DA:70,1
DA:74,1
DA:78,0
DA:82,10
DA:83,8
DA:84,8
DA:89,0
DA:90,0
DA:91,0
DA:92,0
DA:95,0
DA:96,0
DA:97,0
DA:98,0
DA:102,0
LF:47
LH:30
BRDA:18,0,0,8
BRDA:18,0,1,0
BRDA:19,1,0,8
BRDA:19,1,1,8
BRDA:54,2,0,0
BRDA:54,3,0,1
BRDA:54,3,1,1
BRDA:60,4,0,0
BRDA:60,4,1,1
BRDA:82,5,0,8
BRDA:90,6,0,0
BRDA:90,6,1,0
BRDA:96,7,0,0
BRF:13
BRH:7
end_of_record
