TN:
SF:src\config\config.ts
FNF:0
FNH:0
DA:4,3
LF:1
LH:1
BRF:0
BRH:0
end_of_record
TN:
SF:src\config\validate.ts
FN:8,validateConfig
FNF:1
FNH:0
FNDA:0,validateConfig
DA:8,3
DA:10,0
DA:12,0
DA:16,0
DA:18,0
DA:22,0
DA:24,0
DA:28,0
DA:30,0
DA:34,0
DA:36,0
DA:39,0
LF:12
LH:1
BRDA:10,0,0,0
BRDA:10,1,0,0
BRDA:10,1,1,0
BRDA:10,1,2,0
BRDA:16,2,0,0
BRDA:16,3,0,0
BRDA:16,3,1,0
BRDA:16,3,2,0
BRDA:22,4,0,0
BRDA:22,5,0,0
BRDA:22,5,1,0
BRDA:22,5,2,0
BRDA:28,6,0,0
BRDA:28,7,0,0
BRDA:28,7,1,0
BRDA:28,7,2,0
BRDA:34,8,0,0
BRDA:34,9,0,0
BRDA:34,9,1,0
BRF:19
BRH:0
end_of_record
TN:
SF:src\heartbeat\heartbeat.ts
FN:7,setupHeartbeat
FN:12,(anonymous_1)
FN:32,(anonymous_2)
FN:37,(anonymous_3)
FN:42,(anonymous_4)
FNF:5
FNH:2
FNDA:8,setupHeartbeat
FNDA:0,(anonymous_1)
FNDA:0,(anonymous_2)
FNDA:7,(anonymous_3)
FNDA:0,(anonymous_4)
DA:1,3
DA:7,3
DA:9,8
DA:12,8
DA:13,0
DA:14,0
DA:15,0
DA:18,0
DA:20,0
DA:21,0
DA:22,0
DA:23,0
DA:27,0
DA:28,0
DA:32,8
DA:33,0
DA:37,8
DA:38,7
DA:42,8
DA:43,0
LF:20
LH:8
BRDA:13,0,0,0
BRDA:18,1,0,0
BRF:2
BRH:0
end_of_record
TN:
SF:src\input\applyScheduler.ts
FN:41,(anonymous_0)
FN:57,(anonymous_1)
FN:64,(anonymous_2)
FN:74,(anonymous_3)
FN:92,(anonymous_4)
FN:135,(anonymous_5)
FN:145,(anonymous_6)
FN:153,(anonymous_7)
FNF:8
FNH:4
FNDA:8,(anonymous_0)
FNDA:3,(anonymous_1)
FNDA:0,(anonymous_2)
FNDA:11,(anonymous_3)
FNDA:0,(anonymous_4)
FNDA:0,(anonymous_5)
FNDA:4,(anonymous_6)
FNDA:0,(anonymous_7)
DA:3,2
DA:16,2
DA:27,8
DA:30,8
DA:33,8
DA:46,8
DA:47,8
DA:48,8
DA:58,3
DA:59,0
DA:60,0
DA:63,3
DA:64,3
DA:65,0
DA:68,3
DA:75,11
DA:76,8
DA:77,8
DA:80,3
DA:81,3
DA:82,3
DA:83,3
DA:86,3
DA:93,0
DA:95,0
DA:97,0
DA:99,0
DA:102,0
DA:105,0
DA:108,0
DA:109,0
DA:111,0
DA:114,0
DA:115,0
DA:119,0
DA:122,0
DA:125,0
DA:126,0
DA:138,0
DA:146,4
DA:154,0
LF:41
LH:21
BRDA:58,0,0,0
BRDA:75,1,0,8
BRDA:81,2,0,3
BRDA:97,3,0,0
BRDA:97,3,1,0
BRDA:114,4,0,0
BRDA:138,5,0,0
BRDA:138,5,1,0
BRF:8
BRH:2
end_of_record
TN:
SF:src\input\executor.ts
FN:12,(anonymous_0)
FN:19,(anonymous_1)
FN:27,(anonymous_2)
FN:28,(anonymous_3)
FN:35,(anonymous_4)
FN:36,(anonymous_5)
FN:43,(anonymous_6)
FN:44,(anonymous_7)
FN:51,(anonymous_8)
FN:52,(anonymous_9)
FN:58,(anonymous_10)
FN:59,(anonymous_11)
FN:81,startInputExecutor
FN:90,(anonymous_13)
FN:100,stopInputExecutor
FN:114,executeInput
FN:126,getExecutorManager
FN:134,getSafetyController
FN:141,triggerSafetyClear
FN:149,triggerExceptionClear
FN:156,handleDisconnect
FN:164,recordValidState
FNF:22
FNH:9
FNDA:3,(anonymous_0)
FNDA:9,(anonymous_1)
FNDA:0,(anonymous_2)
FNDA:0,(anonymous_3)
FNDA:1,(anonymous_4)
FNDA:3,(anonymous_5)
FNDA:0,(anonymous_6)
FNDA:0,(anonymous_7)
FNDA:0,(anonymous_8)
FNDA:0,(anonymous_9)
FNDA:1,(anonymous_10)
FNDA:3,(anonymous_11)
FNDA:4,startInputExecutor
FNDA:0,(anonymous_13)
FNDA:6,stopInputExecutor
FNDA:0,executeInput
FNDA:8,getExecutorManager
FNDA:0,getSafetyController
FNDA:0,triggerSafetyClear
FNDA:0,triggerExceptionClear
FNDA:0,handleDisconnect
FNDA:0,recordValidState
DA:1,3
DA:2,3
DA:3,3
DA:4,3
DA:5,3
DA:6,3
DA:12,3
DA:13,3
DA:20,9
DA:28,0
DA:36,3
DA:44,0
DA:52,0
DA:59,3
DA:64,3
DA:67,3
DA:68,3
DA:69,3
DA:72,3
DA:75,3
DA:81,3
DA:83,4
DA:84,0
DA:87,4
DA:90,4
DA:91,0
DA:94,4
DA:100,3
DA:101,6
DA:102,4
DA:103,4
DA:104,4
DA:108,6
DA:116,0
DA:119,0
DA:126,3
DA:127,8
DA:134,3
DA:135,0
DA:141,3
DA:142,0
DA:149,3
DA:150,0
DA:156,3
DA:157,0
DA:164,3
DA:165,0
LF:47
LH:35
BRDA:83,0,0,0
BRDA:101,1,0,4
BRF:2
BRH:1
end_of_record
TN:
SF:src\input\joystick.ts
FN:8,(anonymous_0)
FN:32,(anonymous_1)
FN:48,(anonymous_2)
FN:59,(anonymous_3)
FN:69,(anonymous_4)
FN:98,(anonymous_5)
FN:115,(anonymous_6)
FN:124,(anonymous_7)
FN:131,(anonymous_8)
FNF:9
FNH:6
FNDA:3,(anonymous_0)
FNDA:1,(anonymous_1)
FNDA:0,(anonymous_2)
FNDA:0,(anonymous_3)
FNDA:1,(anonymous_4)
FNDA:1,(anonymous_5)
FNDA:2,(anonymous_6)
FNDA:0,(anonymous_7)
FNDA:2,(anonymous_8)
DA:8,3
DA:10,3
DA:26,3
DA:33,1
DA:35,1
DA:40,1
DA:49,0
DA:50,0
DA:60,0
DA:61,0
DA:71,1
DA:76,1
DA:84,1
DA:89,1
DA:91,1
DA:100,1
DA:101,1
DA:103,1
DA:104,1
DA:116,2
DA:125,0
DA:132,2
DA:134,2
DA:142,2
DA:144,0
DA:145,0
LF:26
LH:19
BRDA:33,0,0,1
BRDA:49,1,0,0
BRDA:60,2,0,0
BRDA:100,3,0,1
BRDA:103,4,0,1
BRF:5
BRH:3
end_of_record
TN:
SF:src\input\keyboard.ts
FN:10,(anonymous_0)
FN:18,(anonymous_1)
FN:26,(anonymous_2)
FN:33,(anonymous_3)
FN:38,(anonymous_4)
FN:50,(anonymous_5)
FN:70,(anonymous_6)
FN:79,(anonymous_7)
FN:81,(anonymous_8)
FN:84,(anonymous_9)
FNF:10
FNH:6
FNDA:10,(anonymous_0)
FNDA:13,(anonymous_1)
FNDA:0,(anonymous_2)
FNDA:0,(anonymous_3)
FNDA:0,(anonymous_4)
FNDA:0,(anonymous_5)
FNDA:2,(anonymous_6)
FNDA:15,(anonymous_7)
FNDA:12,(anonymous_8)
FNDA:7,(anonymous_9)
DA:4,4
DA:10,4
DA:12,10
DA:19,13
DA:27,0
DA:29,0
DA:32,0
DA:33,0
DA:37,0
DA:38,0
DA:42,0
DA:51,0
DA:53,0
DA:55,0
DA:56,0
DA:57,0
DA:59,0
DA:63,0
DA:72,2
DA:81,15
DA:84,15
DA:87,15
DA:90,4
DA:93,4
DA:97,15
DA:99,14
DA:100,14
DA:101,14
DA:104,14
DA:105,9
DA:108,0
DA:113,15
LF:32
LH:17
BRDA:27,0,0,0
BRDA:32,1,0,0
BRDA:37,2,0,0
BRDA:51,3,0,0
BRDA:51,4,0,0
BRDA:51,4,1,0
BRDA:56,5,0,0
BRDA:56,5,1,0
BRDA:87,6,0,4
BRDA:97,7,0,14
BRDA:97,8,0,15
BRDA:97,8,1,7
BRDA:104,9,0,9
BRF:13
BRH:5
end_of_record
TN:
SF:src\input\mouse.ts
FN:13,(anonymous_0)
FN:22,(anonymous_1)
FN:33,(anonymous_2)
FN:43,(anonymous_3)
FNF:4
FNH:2
FNDA:1,(anonymous_0)
FNDA:0,(anonymous_1)
FNDA:0,(anonymous_2)
FNDA:1,(anonymous_3)
DA:8,3
DA:15,1
DA:24,0
DA:25,0
DA:35,0
DA:36,0
DA:45,1
LF:7
LH:3
BRDA:24,0,0,0
BRDA:35,1,0,0
BRDA:35,2,0,0
BRDA:35,2,1,0
BRF:4
BRH:0
end_of_record
TN:
SF:src\input\safeState.ts
FNF:0
FNH:0
DA:4,1
LF:1
LH:1
BRF:0
BRH:0
end_of_record
TN:
SF:src\input\safetyController.ts
FN:39,(anonymous_0)
FN:54,(anonymous_1)
FN:62,(anonymous_2)
FN:72,(anonymous_3)
FN:82,(anonymous_4)
FN:91,(anonymous_5)
FN:100,(anonymous_6)
FN:102,(anonymous_7)
FN:112,(anonymous_8)
FN:125,(anonymous_9)
FN:162,(anonymous_10)
FN:170,(anonymous_11)
FN:178,(anonymous_12)
FN:185,(anonymous_13)
FN:195,(anonymous_14)
FNF:15
FNH:7
FNDA:3,(anonymous_0)
FNDA:0,(anonymous_1)
FNDA:1,(anonymous_2)
FNDA:0,(anonymous_3)
FNDA:0,(anonymous_4)
FNDA:0,(anonymous_5)
FNDA:3,(anonymous_6)
FNDA:1,(anonymous_7)
FNDA:1,(anonymous_8)
FNDA:1,(anonymous_9)
FNDA:0,(anonymous_10)
FNDA:0,(anonymous_11)
FNDA:0,(anonymous_12)
FNDA:6,(anonymous_13)
FNDA:0,(anonymous_14)
DA:15,3
DA:23,3
DA:26,3
DA:29,3
DA:32,3
DA:40,3
DA:41,3
DA:47,3
DA:55,0
DA:56,0
DA:63,1
DA:64,1
DA:65,1
DA:73,0
DA:74,0
DA:75,0
DA:76,0
DA:83,0
DA:84,0
DA:85,0
DA:92,0
DA:93,0
DA:94,0
DA:102,3
DA:103,1
DA:106,3
DA:113,1
DA:114,1
DA:116,1
DA:117,1
DA:118,1
DA:127,1
DA:152,1
DA:155,1
DA:163,0
DA:171,0
DA:179,0
DA:186,6
DA:187,2
DA:188,2
DA:197,0
DA:199,0
LF:42
LH:25
BRDA:116,0,0,1
BRDA:186,1,0,2
BRF:2
BRH:2
end_of_record
TN:
SF:src\input\state.ts
FNF:0
FNH:0
DA:4,3
LF:1
LH:1
BRF:0
BRH:0
end_of_record
TN:
SF:src\input\stateStore.ts
FN:36,(anonymous_0)
FN:48,(anonymous_1)
FN:87,(anonymous_2)
FN:95,(anonymous_3)
FN:100,(anonymous_4)
FN:112,(anonymous_5)
FN:132,(anonymous_6)
FN:143,(anonymous_7)
FN:161,(anonymous_8)
FN:174,(anonymous_9)
FN:182,(anonymous_10)
FN:189,(anonymous_11)
FNF:12
FNH:6
FNDA:9,(anonymous_0)
FNDA:11,(anonymous_1)
FNDA:9,(anonymous_2)
FNDA:0,(anonymous_3)
FNDA:0,(anonymous_4)
FNDA:11,(anonymous_5)
FNDA:15,(anonymous_6)
FNDA:10,(anonymous_7)
FNDA:0,(anonymous_8)
FNDA:0,(anonymous_9)
FNDA:0,(anonymous_10)
FNDA:0,(anonymous_11)
DA:14,2
DA:16,9
DA:19,9
DA:27,9
DA:37,9
DA:50,11
DA:51,1
DA:52,1
DA:56,10
DA:57,10
DA:58,1
DA:59,1
DA:63,9
DA:64,9
DA:67,9
DA:75,9
DA:76,0
DA:79,9
DA:80,9
DA:88,9
DA:97,0
DA:100,0
DA:101,0
DA:102,0
DA:103,0
DA:114,11
DA:118,11
DA:119,1
DA:124,10
DA:135,15
DA:145,10
DA:146,5
DA:150,5
DA:154,5
DA:167,0
DA:175,0
DA:183,0
DA:190,0
DA:191,0
DA:192,0
DA:193,0
LF:41
LH:28
BRDA:50,0,0,1
BRDA:57,1,0,1
BRDA:75,2,0,0
BRDA:101,3,0,0
BRDA:114,4,0,0
BRDA:118,5,0,1
BRDA:118,6,0,11
BRDA:118,6,1,11
BRDA:118,6,2,10
BRDA:118,6,3,10
BRDA:135,7,0,15
BRDA:135,7,1,0
BRDA:145,8,0,5
BRDA:183,9,0,0
BRDA:183,9,1,0
BRF:15
BRH:9
end_of_record
TN:
SF:src\ws\connection.ts
FN:8,handleConnection
FN:16,(anonymous_1)
FN:28,(anonymous_2)
FN:35,(anonymous_3)
FN:43,revertToSafeState
FNF:5
FNH:4
FNDA:8,handleConnection
FNDA:1,(anonymous_1)
FNDA:7,(anonymous_2)
FNDA:0,(anonymous_3)
FNDA:7,revertToSafeState
DA:1,3
DA:2,3
DA:8,3
DA:10,8
DA:13,8
DA:16,8
DA:17,1
DA:19,1
DA:20,1
DA:21,1
DA:23,0
DA:28,8
DA:29,7
DA:31,7
DA:35,8
DA:36,0
DA:44,7
DA:46,7
DA:47,7
DA:50,7
DA:51,7
DA:52,7
LF:22
LH:20
BRDA:19,0,0,0
BRDA:19,0,1,1
BRF:2
BRH:1
end_of_record
TN:
SF:src\ws\router.ts
FN:27,handleMessage
FNF:1
FNH:1
FNDA:1,handleMessage
DA:2,3
DA:3,3
DA:4,3
DA:5,3
DA:6,3
DA:7,3
DA:8,3
DA:11,3
DA:27,3
DA:28,1
DA:30,1
DA:31,1
DA:32,1
DA:34,0
DA:37,0
DA:39,0
LF:16
LH:13
BRDA:30,0,0,1
BRDA:30,0,1,0
BRF:2
BRH:1
end_of_record
TN:
SF:src\ws\server.ts
FN:10,startWsServer
FN:13,(anonymous_1)
FN:18,(anonymous_2)
FN:22,(anonymous_3)
FN:32,stopWsServer
FNF:5
FNH:3
FNDA:4,startWsServer
FNDA:8,(anonymous_1)
FNDA:0,(anonymous_2)
FNDA:0,(anonymous_3)
FNDA:7,stopWsServer
DA:2,3
DA:3,3
DA:5,3
DA:10,3
DA:11,4
DA:13,4
DA:14,8
DA:15,8
DA:18,4
DA:19,0
DA:22,4
DA:23,0
DA:26,4
DA:32,3
DA:33,7
DA:34,4
DA:35,4
LF:17
LH:15
BRDA:11,0,0,0
BRDA:11,0,1,4
BRDA:26,1,0,4
BRDA:26,1,1,4
BRDA:33,2,0,4
BRF:5
BRH:4
end_of_record
TN:
SF:src\ws\handlers\config.ts
FN:10,handleConfigGet
FN:20,handleConfigSet
FNF:2
FNH:0
FNDA:0,handleConfigGet
FNDA:0,handleConfigSet
DA:2,3
DA:3,3
DA:10,3
DA:12,0
DA:20,3
DA:22,0
DA:25,0
DA:27,0
DA:30,0
DA:36,0
DA:39,0
DA:40,0
DA:45,0
LF:13
LH:4
BRDA:25,0,0,0
BRDA:25,0,1,0
BRDA:39,1,0,0
BRDA:39,2,0,0
BRDA:39,2,1,0
BRF:5
BRH:0
end_of_record
TN:
SF:src\ws\handlers\input.ts
FN:8,handleInput
FNF:1
FNH:0
FNDA:0,handleInput
DA:8,3
DA:10,0
DA:13,0
DA:14,0
DA:15,0
DA:19,0
DA:21,0
DA:23,0
DA:24,0
DA:28,0
DA:37,0
DA:38,0
DA:39,0
DA:41,0
DA:45,0
DA:55,0
DA:56,0
DA:57,0
DA:59,0
LF:19
LH:1
BRDA:13,0,0,0
BRDA:21,1,0,0
BRDA:21,1,1,0
BRDA:23,2,0,0
BRDA:31,3,0,0
BRDA:31,3,1,0
BRDA:39,4,0,0
BRDA:39,4,1,0
BRDA:48,5,0,0
BRDA:48,5,1,0
BRDA:57,6,0,0
BRDA:57,6,1,0
BRF:12
BRH:0
end_of_record
TN:
SF:src\ws\handlers\inputDelta.ts
FN:9,handleInputDelta
FN:13,(anonymous_1)
FN:17,(anonymous_2)
FNF:3
FNH:0
FNDA:0,handleInputDelta
FNDA:0,(anonymous_1)
FNDA:0,(anonymous_2)
DA:2,3
DA:9,3
DA:11,0
DA:12,0
DA:13,0
DA:16,0
DA:17,0
DA:21,0
DA:22,0
DA:25,0
DA:26,0
DA:29,0
DA:30,0
DA:34,0
DA:35,0
LF:15
LH:2
BRDA:11,0,0,0
BRDA:12,1,0,0
BRDA:16,2,0,0
BRDA:21,3,0,0
BRDA:25,4,0,0
BRDA:29,5,0,0
BRDA:34,6,0,0
BRF:7
BRH:0
end_of_record
TN:
SF:src\ws\handlers\inputEvent.ts
FN:9,handleInputEvent
FNF:1
FNH:0
FNDA:0,handleInputEvent
DA:2,3
DA:9,3
DA:11,0
DA:14,0
DA:17,0
LF:5
LH:2
BRF:0
BRH:0
end_of_record
TN:
SF:src\ws\handlers\latencyProbe.ts
FN:8,handleLatencyProbe
FNF:1
FNH:0
FNDA:0,handleLatencyProbe
DA:8,3
DA:10,0
LF:2
LH:1
BRF:0
BRH:0
end_of_record
TN:
SF:src\ws\handlers\ping.ts
FN:8,handlePing
FNF:1
FNH:1
FNDA:1,handlePing
DA:8,3
DA:10,1
LF:2
LH:2
BRF:0
BRH:0
end_of_record
TN:
SF:src\ws\handlers\welcome.ts
FN:8,handleWelcome
FNF:1
FNH:0
FNDA:0,handleWelcome
DA:8,3
DA:10,0
LF:2
LH:1
BRF:0
BRH:0
end_of_record
TN:
SF:tests\common\testUtils.ts
FN:12,(anonymous_0)
FN:28,(anonymous_1)
FNF:2
FNH:2
FNDA:3,(anonymous_0)
FNDA:8,(anonymous_1)
DA:6,2
DA:13,3
DA:29,8
LF:3
LH:3
BRDA:31,0,0,8
BRDA:31,0,1,1
BRF:2
BRH:2
end_of_record
TN:
SF:tests\common\wsClient.ts
FN:17,(anonymous_0)
FN:22,(anonymous_1)
FN:23,(anonymous_2)
FN:24,(anonymous_3)
FN:30,(anonymous_4)
FN:35,(anonymous_5)
FN:37,(anonymous_6)
FN:40,(anonymous_7)
FN:41,(anonymous_8)
FN:44,(anonymous_9)
FN:46,(anonymous_10)
FN:52,(anonymous_11)
FN:53,(anonymous_12)
FN:59,(anonymous_13)
FN:69,(anonymous_14)
FN:73,(anonymous_15)
FN:77,(anonymous_16)
FN:81,(anonymous_17)
FN:88,(anonymous_18)
FN:89,(anonymous_19)
FN:91,(anonymous_20)
FN:95,(anonymous_21)
FNF:22
FNH:14
FNDA:8,(anonymous_0)
FNDA:8,(anonymous_1)
FNDA:8,(anonymous_2)
FNDA:0,(anonymous_3)
FNDA:8,(anonymous_4)
FNDA:9,(anonymous_5)
FNDA:1,(anonymous_6)
FNDA:7,(anonymous_7)
FNDA:1,(anonymous_8)
FNDA:0,(anonymous_9)
FNDA:0,(anonymous_10)
FNDA:1,(anonymous_11)
FNDA:1,(anonymous_12)
FNDA:1,(anonymous_13)
FNDA:1,(anonymous_14)
FNDA:1,(anonymous_15)
FNDA:0,(anonymous_16)
FNDA:10,(anonymous_17)
FNDA:0,(anonymous_18)
FNDA:0,(anonymous_19)
FNDA:0,(anonymous_20)
FNDA:0,(anonymous_21)
DA:2,1
DA:9,1
DA:10,8
DA:13,8
DA:14,8
DA:15,8
DA:18,8
DA:19,8
DA:23,8
DA:24,8
DA:25,0
DA:28,8
DA:30,8
DA:31,8
DA:32,8
DA:35,8
DA:36,9
DA:37,9
DA:40,8
DA:41,7
DA:44,8
DA:45,0
DA:46,0
DA:47,0
DA:53,1
DA:54,1
DA:55,0
DA:56,0
DA:59,1
DA:60,1
DA:61,0
DA:63,1
DA:70,1
DA:74,1
DA:78,0
DA:82,10
DA:83,8
DA:84,8
DA:89,0
DA:90,0
DA:91,0
DA:92,0
DA:95,0
DA:96,0
DA:97,0
DA:98,0
DA:102,0
LF:47
LH:30
BRDA:18,0,0,8
BRDA:18,0,1,8
BRDA:19,1,0,8
BRDA:19,1,1,8
BRDA:54,2,0,0
BRDA:54,3,0,1
BRDA:54,3,1,1
BRDA:60,4,0,0
BRDA:60,4,1,1
BRDA:82,5,0,8
BRDA:90,6,0,0
BRDA:90,6,1,0
BRDA:96,7,0,0
BRF:13
BRH:8
end_of_record
